Build started 8/22/2014 3:08:18 AM.
     1>Project "C:\Users\Sam\Documents\Visual Studio 2013\Projects\XNA++\Framework\Framework.vcxproj" on node 2 (Build target(s)).
     1>ClCompile:
         B:\VS2013\VC\bin\CL.exe /c /ZI /nologo /W3 /WX- /sdl /Od /Oy- /D _MBCS /Gm /EHsc /RTC1 /MDd /GS /fp:precise /Zc:wchar_t /Zc:forScope /FAcs /Fa"Debug\\" /Fo"Debug\\" /Fd"Debug\vc120.pdb" /Gd /TP /analyze- /errorReport:prompt main.cpp
         main.cpp
       Link:
         B:\VS2013\VC\bin\link.exe /ERRORREPORT:PROMPT /OUT:"C:\Users\Sam\Documents\Visual Studio 2013\Projects\XNA++\Debug\Framework.exe" /INCREMENTAL /NOLOGO "C:\Users\Sam\Documents\Visual Studio 2013\Projects\XNA++\Framework\lib\glewd.lib" "C:\Users\Sam\Documents\Visual Studio 2013\Projects\XNA++\Framework\lib\glfw3.lib" opengl32.lib kernel32.lib user32.lib gdi32.lib winspool.lib comdlg32.lib advapi32.lib shell32.lib ole32.lib oleaut32.lib uuid.lib odbc32.lib odbccp32.lib /MANIFEST /MANIFESTUAC:"level='asInvoker' uiAccess='false'" /manifest:embed /DEBUG /PDB:"C:\Users\Sam\Documents\Visual Studio 2013\Projects\XNA++\Debug\Framework.pdb" /TLBID:1 /DYNAMICBASE /NXCOMPAT /IMPLIB:"C:\Users\Sam\Documents\Visual Studio 2013\Projects\XNA++\Debug\Framework.lib" /MACHINE:X86 Debug\main.obj
         Debug\Curve.obj
         Debug\CurveKey.obj
         Debug\Game.obj
         Debug\GameTime.obj
         Debug\BoundingBox.obj
         Debug\BoundingFrustum.obj
         Debug\BoundingSphere.obj
         Debug\Plane.obj
         Debug\Point.obj
         Debug\Ray.obj
         Debug\Rectangle.obj
         Debug\DisplayMode.obj
         Debug\GraphicsAdapter.obj
         Debug\GraphicsDevice.obj
         Debug\PresentationParameters.obj
         Debug\MathHelper.obj
         Debug\Matrix.obj
         Debug\Quaternion.obj
         Debug\Vector2.obj
         Debug\Vector3.obj
         Debug\Vector4.obj
         Debug\TimeSpan.obj
         lib\glewd.lib
         Framework.vcxproj -> C:\Users\Sam\Documents\Visual Studio 2013\Projects\XNA++\Debug\Framework.exe
     1>Done Building Project "C:\Users\Sam\Documents\Visual Studio 2013\Projects\XNA++\Framework\Framework.vcxproj" (Build target(s)).

Build succeeded.

Time Elapsed 00:00:00.54
