c:\users\sam\documents\visual studio 2013\projects\xna++\framework\debug\vc120.pdb
c:\users\sam\documents\visual studio 2013\projects\xna++\framework\debug\vc120.idb
c:\users\sam\documents\visual studio 2013\projects\xna++\framework\debug\gametime.obj
c:\users\sam\documents\visual studio 2013\projects\xna++\framework\debug\gametime.cod
c:\users\sam\documents\visual studio 2013\projects\xna++\framework\debug\boundingbox.obj
c:\users\sam\documents\visual studio 2013\projects\xna++\framework\debug\boundingbox.cod
c:\users\sam\documents\visual studio 2013\projects\xna++\framework\debug\boundingfrustum.obj
c:\users\sam\documents\visual studio 2013\projects\xna++\framework\debug\boundingfrustum.cod
c:\users\sam\documents\visual studio 2013\projects\xna++\framework\debug\boundingsphere.obj
c:\users\sam\documents\visual studio 2013\projects\xna++\framework\debug\boundingsphere.cod
c:\users\sam\documents\visual studio 2013\projects\xna++\framework\debug\plane.obj
c:\users\sam\documents\visual studio 2013\projects\xna++\framework\debug\plane.cod
c:\users\sam\documents\visual studio 2013\projects\xna++\framework\debug\point.obj
c:\users\sam\documents\visual studio 2013\projects\xna++\framework\debug\point.cod
c:\users\sam\documents\visual studio 2013\projects\xna++\framework\debug\ray.obj
c:\users\sam\documents\visual studio 2013\projects\xna++\framework\debug\ray.cod
c:\users\sam\documents\visual studio 2013\projects\xna++\framework\debug\rectangle.obj
c:\users\sam\documents\visual studio 2013\projects\xna++\framework\debug\rectangle.cod
c:\users\sam\documents\visual studio 2013\projects\xna++\framework\debug\displaymode.obj
c:\users\sam\documents\visual studio 2013\projects\xna++\framework\debug\displaymode.cod
c:\users\sam\documents\visual studio 2013\projects\xna++\framework\debug\graphicsadapter.obj
c:\users\sam\documents\visual studio 2013\projects\xna++\framework\debug\graphicsadapter.cod
c:\users\sam\documents\visual studio 2013\projects\xna++\framework\debug\graphicsdevice.obj
c:\users\sam\documents\visual studio 2013\projects\xna++\framework\debug\graphicsdevice.cod
c:\users\sam\documents\visual studio 2013\projects\xna++\framework\debug\presentationparameters.obj
c:\users\sam\documents\visual studio 2013\projects\xna++\framework\debug\presentationparameters.cod
c:\users\sam\documents\visual studio 2013\projects\xna++\framework\debug\mathhelper.obj
c:\users\sam\documents\visual studio 2013\projects\xna++\framework\debug\mathhelper.cod
c:\users\sam\documents\visual studio 2013\projects\xna++\framework\debug\matrix.obj
c:\users\sam\documents\visual studio 2013\projects\xna++\framework\debug\matrix.cod
c:\users\sam\documents\visual studio 2013\projects\xna++\framework\debug\quaternion.obj
c:\users\sam\documents\visual studio 2013\projects\xna++\framework\debug\quaternion.cod
c:\users\sam\documents\visual studio 2013\projects\xna++\framework\debug\vector2.obj
c:\users\sam\documents\visual studio 2013\projects\xna++\framework\debug\vector2.cod
c:\users\sam\documents\visual studio 2013\projects\xna++\framework\debug\vector3.obj
c:\users\sam\documents\visual studio 2013\projects\xna++\framework\debug\vector3.cod
c:\users\sam\documents\visual studio 2013\projects\xna++\framework\debug\vector4.obj
c:\users\sam\documents\visual studio 2013\projects\xna++\framework\debug\vector4.cod
c:\users\sam\documents\visual studio 2013\projects\xna++\framework\debug\curve.obj
c:\users\sam\documents\visual studio 2013\projects\xna++\framework\debug\curve.cod
c:\users\sam\documents\visual studio 2013\projects\xna++\framework\debug\curvekey.obj
c:\users\sam\documents\visual studio 2013\projects\xna++\framework\debug\curvekey.cod
c:\users\sam\documents\visual studio 2013\projects\xna++\framework\debug\game.obj
c:\users\sam\documents\visual studio 2013\projects\xna++\framework\debug\game.cod
c:\users\sam\documents\visual studio 2013\projects\xna++\framework\debug\main.obj
c:\users\sam\documents\visual studio 2013\projects\xna++\framework\debug\main.cod
c:\users\sam\documents\visual studio 2013\projects\xna++\framework\debug\timespan.obj
c:\users\sam\documents\visual studio 2013\projects\xna++\framework\debug\timespan.cod
c:\users\sam\documents\visual studio 2013\projects\xna++\debug\framework.pdb
c:\users\sam\documents\visual studio 2013\projects\xna++\framework\debug\framework.tlog\cl.command.1.tlog
c:\users\sam\documents\visual studio 2013\projects\xna++\framework\debug\framework.tlog\cl.read.1.tlog
c:\users\sam\documents\visual studio 2013\projects\xna++\framework\debug\framework.tlog\cl.read.2.tlog
c:\users\sam\documents\visual studio 2013\projects\xna++\framework\debug\framework.tlog\cl.read.3.tlog
c:\users\sam\documents\visual studio 2013\projects\xna++\framework\debug\framework.tlog\cl.read.4.tlog
c:\users\sam\documents\visual studio 2013\projects\xna++\framework\debug\framework.tlog\cl.read.5.tlog
c:\users\sam\documents\visual studio 2013\projects\xna++\framework\debug\framework.tlog\cl.write.1.tlog
c:\users\sam\documents\visual studio 2013\projects\xna++\framework\debug\framework.tlog\link-cvtres.read.1.tlog
c:\users\sam\documents\visual studio 2013\projects\xna++\framework\debug\framework.tlog\link-cvtres.write.1.tlog
c:\users\sam\documents\visual studio 2013\projects\xna++\framework\debug\framework.tlog\link-rc.read.1.tlog
c:\users\sam\documents\visual studio 2013\projects\xna++\framework\debug\framework.tlog\link-rc.write.1.tlog
c:\users\sam\documents\visual studio 2013\projects\xna++\framework\debug\framework.tlog\link.command.1.tlog
c:\users\sam\documents\visual studio 2013\projects\xna++\framework\debug\framework.tlog\link.read.1.tlog
c:\users\sam\documents\visual studio 2013\projects\xna++\framework\debug\framework.tlog\link.write.1.tlog
